18:22:30.161 [main] DEBUG jabaTests.To_Verify_Login_page - error in the add at
18:22:30.164 [main] DEBUG jabaTests.To_Verify_Login_page - error in the add at
18:22:30.164 [main] DEBUG jabaTests.To_Verify_Login_page - error in the add at
18:22:30.164 [main] DEBUG jabaTests.To_Verify_Login_page - error in the add at
18:22:30.164 [main] DEBUG jabaTests.To_Verify_Login_page - error in the add at
18:22:30.164 [main] DEBUG jabaTests.To_Verify_Login_page - error in the add at
18:22:30.164 [main] DEBUG jabaTests.To_Verify_Login_page - error in the add at
18:22:30.164 [main] DEBUG jabaTests.To_Verify_Login_page - error in the add at
18:22:30.164 [main] DEBUG jabaTests.To_Verify_Login_page - error in the add at
18:22:30.164 [main] DEBUG jabaTests.To_Verify_Login_page - error in the add at
18:22:30.168 [main] DEBUG jabaTests.To_Verify_Login_page - Task date got added
18:22:30.168 [main] DEBUG jabaTests.To_Verify_Login_page - Task date got added
18:22:30.168 [main] DEBUG jabaTests.To_Verify_Login_page - error in the add at
18:22:30.168 [main] DEBUG jabaTests.To_Verify_Login_page - error in the add at
18:22:30.168 [main] DEBUG jabaTests.To_Verify_Login_page - error in the add at
18:22:30.168 [main] DEBUG jabaTests.To_Verify_Login_page - error in the add at
18:22:30.168 [main] DEBUG jabaTests.To_Verify_Login_page - error in the add at
18:22:30.168 [main] DEBUG jabaTests.To_Verify_Login_page - error in the add at
18:22:30.337 [main] DEBUG jabaTests.To_Verify_Login_page - Athlete Name got Entered
18:22:30.598 [main] DEBUG jabaTests.To_Verify_Login_page - option football is selected
18:22:30.614 [main] DEBUG jabaTests.To_Verify_Login_page - Searched Athlete Name is displayed
18:22:30.797 [main] DEBUG jabaTests.To_Verify_Login_page - Athlete is Selected
18:22:30.965 [main] DEBUG jabaTests.To_Verify_Login_page - Athlete Name got Entered
18:22:31.172 [main] DEBUG jabaTests.To_Verify_Login_page - option volleyball is selected
18:22:31.181 [main] DEBUG jabaTests.To_Verify_Login_page - Searched Athlete Name is displayed
18:22:31.332 [main] DEBUG jabaTests.To_Verify_Login_page - Athlete is Selected
18:22:31.413 [main] DEBUG jabaTests.To_Verify_Login_page - Athlete is Added in to the campaign
18:22:31.435 [main] DEBUG jabaTests.To_Verify_Login_page - Generate Campaign Ideas page is displayed
18:22:31.515 [main] DEBUG jabaTests.To_Verify_Login_page - Athlete is Added into the campaign
18:22:34.131 [main] DEBUG jabaTests.To_Verify_Login_page - Congratulations, the campaign has been created with the desired athletes
18:22:34.481 [main] DEBUG jabaTests.To_Verify_Login_page - sendInviteMessage page is displayed
