21:51:24.091 [main] DEBUG jabaTests.To_Verify_Login_page - platform got selected
21:51:24.322 [main] DEBUG jabaTests.To_Verify_Login_page - socialMedia got selected
21:51:24.549 [main] DEBUG jabaTests.To_Verify_Login_page - task4 created
21:51:24.657 [main] DEBUG jabaTests.To_Verify_Login_page - AddTask clicked
21:51:24.844 [main] DEBUG jabaTests.To_Verify_Login_page - addNewTask got entered
21:51:24.992 [main] DEBUG jabaTests.To_Verify_Login_page - taskDate got entered
21:51:25.191 [main] DEBUG jabaTests.To_Verify_Login_page - platform got selected
21:51:25.406 [main] DEBUG jabaTests.To_Verify_Login_page - socialMedia got selected
21:51:25.635 [main] DEBUG jabaTests.To_Verify_Login_page - task5 created
21:51:25.749 [main] DEBUG jabaTests.To_Verify_Login_page - AddTask clicked
21:51:25.928 [main] DEBUG jabaTests.To_Verify_Login_page - addNewTask got entered
21:51:26.069 [main] DEBUG jabaTests.To_Verify_Login_page - taskDate got entered
21:51:26.295 [main] DEBUG jabaTests.To_Verify_Login_page - platform got selected
21:51:26.523 [main] DEBUG jabaTests.To_Verify_Login_page - socialMedia got selected
21:51:26.752 [main] DEBUG jabaTests.To_Verify_Login_page - task6 created
21:51:27.013 [main] DEBUG jabaTests.To_Verify_Login_page - requirement got entered
21:51:27.127 [main] DEBUG jabaTests.To_Verify_Login_page - requirement created
21:51:27.320 [main] DEBUG jabaTests.To_Verify_Login_page - preview got clicked
21:51:55.702 [main] DEBUG jabaTests.To_Verify_Login_page - Browser got launched
21:51:58.370 [main] DEBUG jabaTests.To_Verify_Login_page - Navigated to application URL
21:51:58.558 [main] DEBUG jabaTests.To_Verify_Login_page - AdminEmail addressed got entered
21:51:58.655 [main] DEBUG jabaTests.To_Verify_Login_page - AdminPassword addressed got entered
21:51:58.724 [main] DEBUG jabaTests.To_Verify_Login_page - Clicked on Login Button
21:52:02.625 [main] DEBUG jabaTests.To_Verify_Login_page - Campaign button is Displayed
21:52:02.700 [main] DEBUG jabaTests.To_Verify_Login_page - click on the NewCampaign button
21:52:03.398 [main] DEBUG jabaTests.To_Verify_Login_page - Jaba chat New Campaign page is displayed
21:52:03.812 [main] DEBUG jabaTests.To_Verify_Login_page - BarandName got entered
21:52:04.056 [main] DEBUG jabaTests.To_Verify_Login_page - CampaignName got entered
21:52:04.167 [main] DEBUG jabaTests.To_Verify_Login_page - startDate got entered
21:52:04.338 [main] DEBUG jabaTests.To_Verify_Login_page - endDate got entered
21:52:04.448 [main] DEBUG jabaTests.To_Verify_Login_page - exclusivityWindow got entered
21:52:04.553 [main] DEBUG jabaTests.To_Verify_Login_page - projectRate got entered
21:52:04.755 [main] DEBUG jabaTests.To_Verify_Login_page - description got entered
21:52:05.271 [main] DEBUG jabaTests.To_Verify_Login_page - addCategory clicked
21:52:05.382 [main] DEBUG jabaTests.To_Verify_Login_page - addNewCategory got entered
21:52:05.484 [main] DEBUG jabaTests.To_Verify_Login_page - addCategoryButton got clicked
21:52:05.591 [main] DEBUG jabaTests.To_Verify_Login_page - AddTask clicked
21:52:05.822 [main] DEBUG jabaTests.To_Verify_Login_page - addNewTask got entered
21:52:06.020 [main] DEBUG jabaTests.To_Verify_Login_page - taskDate got entered
21:52:06.456 [main] DEBUG jabaTests.To_Verify_Login_page - platform got selected
21:52:06.984 [main] DEBUG jabaTests.To_Verify_Login_page - socialMedia got selected
21:52:07.334 [main] DEBUG jabaTests.To_Verify_Login_page - task1 created
21:52:07.456 [main] DEBUG jabaTests.To_Verify_Login_page - AddTask clicked
21:52:07.605 [main] DEBUG jabaTests.To_Verify_Login_page - addNewTask got entered
21:52:07.740 [main] DEBUG jabaTests.To_Verify_Login_page - taskDate got entered
21:52:07.935 [main] DEBUG jabaTests.To_Verify_Login_page - platform got selected
21:52:08.043 [main] DEBUG jabaTests.To_Verify_Login_page - socialMedia got selected
21:52:08.332 [main] DEBUG jabaTests.To_Verify_Login_page - task2 created
21:52:08.423 [main] DEBUG jabaTests.To_Verify_Login_page - AddTask clicked
21:52:08.584 [main] DEBUG jabaTests.To_Verify_Login_page - addNewTask got entered
21:52:08.711 [main] DEBUG jabaTests.To_Verify_Login_page - taskDate got entered
21:52:08.903 [main] DEBUG jabaTests.To_Verify_Login_page - platform got selected
21:52:09.105 [main] DEBUG jabaTests.To_Verify_Login_page - socialMedia got selected
21:52:09.352 [main] DEBUG jabaTests.To_Verify_Login_page - task created
21:52:09.472 [main] DEBUG jabaTests.To_Verify_Login_page - AddTask clicked
21:52:09.622 [main] DEBUG jabaTests.To_Verify_Login_page - addNewTask got entered
21:52:09.756 [main] DEBUG jabaTests.To_Verify_Login_page - taskDate got entered
21:52:10.005 [main] DEBUG jabaTests.To_Verify_Login_page - platform got selected
21:52:10.278 [main] DEBUG jabaTests.To_Verify_Login_page - socialMedia got selected
21:52:10.581 [main] DEBUG jabaTests.To_Verify_Login_page - task4 created
21:52:10.785 [main] DEBUG jabaTests.To_Verify_Login_page - AddTask clicked
21:52:11.086 [main] DEBUG jabaTests.To_Verify_Login_page - addNewTask got entered
21:52:11.252 [main] DEBUG jabaTests.To_Verify_Login_page - taskDate got entered
21:52:11.506 [main] DEBUG jabaTests.To_Verify_Login_page - platform got selected
21:52:11.771 [main] DEBUG jabaTests.To_Verify_Login_page - socialMedia got selected
21:52:12.016 [main] DEBUG jabaTests.To_Verify_Login_page - task5 created
21:52:12.154 [main] DEBUG jabaTests.To_Verify_Login_page - AddTask clicked
21:52:12.365 [main] DEBUG jabaTests.To_Verify_Login_page - addNewTask got entered
21:52:12.528 [main] DEBUG jabaTests.To_Verify_Login_page - taskDate got entered
21:52:12.765 [main] DEBUG jabaTests.To_Verify_Login_page - platform got selected
21:52:13.030 [main] DEBUG jabaTests.To_Verify_Login_page - socialMedia got selected
21:52:13.284 [main] DEBUG jabaTests.To_Verify_Login_page - task6 created
21:52:13.555 [main] DEBUG jabaTests.To_Verify_Login_page - requirement got entered
21:52:13.695 [main] DEBUG jabaTests.To_Verify_Login_page - requirement created
21:52:13.933 [main] DEBUG jabaTests.To_Verify_Login_page - preview got clicked
21:52:45.225 [main] DEBUG jabaTests.To_Verify_Login_page - Browser got launched
21:52:47.468 [main] DEBUG jabaTests.To_Verify_Login_page - Navigated to application URL
21:52:47.687 [main] DEBUG jabaTests.To_Verify_Login_page - AdminEmail addressed got entered
21:52:47.809 [main] DEBUG jabaTests.To_Verify_Login_page - AdminPassword addressed got entered
21:52:47.876 [main] DEBUG jabaTests.To_Verify_Login_page - Clicked on Login Button
21:52:51.871 [main] DEBUG jabaTests.To_Verify_Login_page - Campaign button is Displayed
21:52:51.973 [main] DEBUG jabaTests.To_Verify_Login_page - click on the NewCampaign button
21:52:52.618 [main] DEBUG jabaTests.To_Verify_Login_page - Jaba chat New Campaign page is displayed
21:52:53.136 [main] DEBUG jabaTests.To_Verify_Login_page - BarandName got entered
21:52:53.457 [main] DEBUG jabaTests.To_Verify_Login_page - CampaignName got entered
21:52:53.766 [main] DEBUG jabaTests.To_Verify_Login_page - startDate got entered
21:52:53.990 [main] DEBUG jabaTests.To_Verify_Login_page - endDate got entered
21:52:55.406 [main] DEBUG jabaTests.To_Verify_Login_page - exclusivityWindow got entered
21:52:55.716 [main] DEBUG jabaTests.To_Verify_Login_page - projectRate got entered
21:52:56.204 [main] DEBUG jabaTests.To_Verify_Login_page - description got entered
21:52:56.472 [main] DEBUG jabaTests.To_Verify_Login_page - addCategory clicked
21:52:56.771 [main] DEBUG jabaTests.To_Verify_Login_page - addNewCategory got entered
21:52:57.035 [main] DEBUG jabaTests.To_Verify_Login_page - addCategoryButton got clicked
21:52:57.334 [main] DEBUG jabaTests.To_Verify_Login_page - AddTask clicked
21:52:57.620 [main] DEBUG jabaTests.To_Verify_Login_page - addNewTask got entered
21:52:57.909 [main] DEBUG jabaTests.To_Verify_Login_page - taskDate got entered
21:52:58.618 [main] DEBUG jabaTests.To_Verify_Login_page - platform got selected
21:53:00.053 [main] DEBUG jabaTests.To_Verify_Login_page - socialMedia got selected
21:53:00.635 [main] DEBUG jabaTests.To_Verify_Login_page - task1 created
21:53:00.913 [main] DEBUG jabaTests.To_Verify_Login_page - AddTask clicked
21:53:01.336 [main] DEBUG jabaTests.To_Verify_Login_page - addNewTask got entered
21:53:01.739 [main] DEBUG jabaTests.To_Verify_Login_page - taskDate got entered
21:53:02.222 [main] DEBUG jabaTests.To_Verify_Login_page - platform got selected
21:53:02.499 [main] DEBUG jabaTests.To_Verify_Login_page - socialMedia got selected
21:53:03.134 [main] DEBUG jabaTests.To_Verify_Login_page - task2 created
21:53:03.469 [main] DEBUG jabaTests.To_Verify_Login_page - AddTask clicked
21:53:03.872 [main] DEBUG jabaTests.To_Verify_Login_page - addNewTask got entered
21:53:04.255 [main] DEBUG jabaTests.To_Verify_Login_page - taskDate got entered
21:53:04.824 [main] DEBUG jabaTests.To_Verify_Login_page - platform got selected
21:53:05.415 [main] DEBUG jabaTests.To_Verify_Login_page - socialMedia got selected
21:53:05.970 [main] DEBUG jabaTests.To_Verify_Login_page - task created
21:53:06.289 [main] DEBUG jabaTests.To_Verify_Login_page - AddTask clicked
21:53:06.658 [main] DEBUG jabaTests.To_Verify_Login_page - addNewTask got entered
21:53:06.966 [main] DEBUG jabaTests.To_Verify_Login_page - taskDate got entered
21:53:07.450 [main] DEBUG jabaTests.To_Verify_Login_page - platform got selected
21:53:08.131 [main] DEBUG jabaTests.To_Verify_Login_page - socialMedia got selected
21:53:08.573 [main] DEBUG jabaTests.To_Verify_Login_page - task4 created
21:53:09.068 [main] DEBUG jabaTests.To_Verify_Login_page - AddTask clicked
21:53:09.409 [main] DEBUG jabaTests.To_Verify_Login_page - addNewTask got entered
21:53:09.714 [main] DEBUG jabaTests.To_Verify_Login_page - taskDate got entered
21:53:10.116 [main] DEBUG jabaTests.To_Verify_Login_page - platform got selected
21:53:10.566 [main] DEBUG jabaTests.To_Verify_Login_page - socialMedia got selected
