18:22:07.058 [main] DEBUG jabaTests.To_Verify_Login_page - error in the add task
18:22:07.064 [main] DEBUG jabaTests.To_Verify_Login_page - Task platform got added
18:22:07.064 [main] DEBUG jabaTests.To_Verify_Login_page - error in the add task
18:22:07.064 [main] DEBUG jabaTests.To_Verify_Login_page - error in the add task
18:22:07.064 [main] DEBUG jabaTests.To_Verify_Login_page - error in the add task
18:22:07.064 [main] DEBUG jabaTests.To_Verify_Login_page - Task platform got added
18:22:07.064 [main] DEBUG jabaTests.To_Verify_Login_page - error in the add task
18:22:07.064 [main] DEBUG jabaTests.To_Verify_Login_page - Task platform got added
18:22:07.064 [main] DEBUG jabaTests.To_Verify_Login_page - error in the add task
18:22:07.064 [main] DEBUG jabaTests.To_Verify_Login_page - error in the add task
18:22:07.064 [main] DEBUG jabaTests.To_Verify_Login_page - Task Social Media platform got added
18:22:07.064 [main] DEBUG jabaTests.To_Verify_Login_page - Task Social Media platform got added
18:22:07.064 [main] DEBUG jabaTests.To_Verify_Login_page - Task Social Media platform got added
18:22:07.064 [main] DEBUG jabaTests.To_Verify_Login_page - error in the add task
18:22:07.064 [main] DEBUG jabaTests.To_Verify_Login_page - Task Social Media platform got added
18:22:07.064 [main] DEBUG jabaTests.To_Verify_Login_page - error in the add task
18:22:07.064 [main] DEBUG jabaTests.To_Verify_Login_page - error in the add task
18:22:07.064 [main] DEBUG jabaTests.To_Verify_Login_page - error in the add task
18:22:07.064 [main] DEBUG jabaTests.To_Verify_Login_page - error in the add task
18:22:07.064 [main] DEBUG jabaTests.To_Verify_Login_page - Task Social Media platform got added
18:22:07.064 [main] DEBUG jabaTests.To_Verify_Login_page - Task Social Media platform got added
18:22:07.064 [main] DEBUG jabaTests.To_Verify_Login_page - error in the add task
18:22:07.064 [main] DEBUG jabaTests.To_Verify_Login_page - error in the add task
18:22:07.064 [main] DEBUG jabaTests.To_Verify_Login_page - error in the add task
18:22:07.064 [main] DEBUG jabaTests.To_Verify_Login_page - Task name got added
18:22:07.064 [main] DEBUG jabaTests.To_Verify_Login_page - error in the add task
18:22:07.064 [main] DEBUG jabaTests.To_Verify_Login_page - error in the add task
18:22:07.064 [main] DEBUG jabaTests.To_Verify_Login_page - Task name got added
18:22:07.064 [main] DEBUG jabaTests.To_Verify_Login_page - error in the add task
18:22:07.064 [main] DEBUG jabaTests.To_Verify_Login_page - Task name got added
18:22:07.064 [main] DEBUG jabaTests.To_Verify_Login_page - error in the add task
18:22:07.064 [main] DEBUG jabaTests.To_Verify_Login_page - Task name got added
18:22:07.064 [main] DEBUG jabaTests.To_Verify_Login_page - error in the add task
18:22:07.064 [main] DEBUG jabaTests.To_Verify_Login_page - Task platform got added
18:22:07.064 [main] DEBUG jabaTests.To_Verify_Login_page - error in the add task
18:22:07.064 [main] DEBUG jabaTests.To_Verify_Login_page - Task platform got added
18:22:07.064 [main] DEBUG jabaTests.To_Verify_Login_page - error in the add task
18:22:07.064 [main] DEBUG jabaTests.To_Verify_Login_page - Task name got added
18:22:07.064 [main] DEBUG jabaTests.To_Verify_Login_page - error in the add task
18:22:07.064 [main] DEBUG jabaTests.To_Verify_Login_page - Task name got added
18:22:07.064 [main] DEBUG jabaTests.To_Verify_Login_page - error in the add task
18:22:07.064 [main] DEBUG jabaTests.To_Verify_Login_page - error in the add task
18:22:07.064 [main] DEBUG jabaTests.To_Verify_Login_page - error in the add task
18:22:07.064 [main] DEBUG jabaTests.To_Verify_Login_page - Task date got added
18:22:07.064 [main] DEBUG jabaTests.To_Verify_Login_page - error in the add task
18:22:07.064 [main] DEBUG jabaTests.To_Verify_Login_page - error in the add task
18:22:07.064 [main] DEBUG jabaTests.To_Verify_Login_page - Task date got added
18:22:07.064 [main] DEBUG jabaTests.To_Verify_Login_page - error in the add task
18:22:07.064 [main] DEBUG jabaTests.To_Verify_Login_page - error in the add task
18:22:07.064 [main] DEBUG jabaTests.To_Verify_Login_page - error in the add task
18:22:07.064 [main] DEBUG jabaTests.To_Verify_Login_page - error in the add task
18:22:07.164 [main] DEBUG jabaTests.To_Verify_Login_page - AddTask clicked
18:22:07.831 [main] DEBUG jabaTests.To_Verify_Login_page - addNewTask got entered
18:22:09.079 [main] DEBUG jabaTests.To_Verify_Login_page - taskDate got entered
18:22:09.376 [main] DEBUG jabaTests.To_Verify_Login_page - platform got selected
18:22:09.653 [main] DEBUG jabaTests.To_Verify_Login_page - socialMedia got selected
18:22:09.888 [main] DEBUG jabaTests.To_Verify_Login_page - task1 created
18:22:09.964 [main] DEBUG jabaTests.To_Verify_Login_page - AddTask clicked
18:22:10.135 [main] DEBUG jabaTests.To_Verify_Login_page - addNewTask got entered
18:22:10.288 [main] DEBUG jabaTests.To_Verify_Login_page - taskDate got entered
18:22:10.535 [main] DEBUG jabaTests.To_Verify_Login_page - platform got selected
18:22:10.793 [main] DEBUG jabaTests.To_Verify_Login_page - socialMedia got selected
18:22:10.977 [main] DEBUG jabaTests.To_Verify_Login_page - task1 created
18:22:11.066 [main] DEBUG jabaTests.To_Verify_Login_page - AddTask clicked
18:22:11.205 [main] DEBUG jabaTests.To_Verify_Login_page - addNewTask got entered
18:22:11.318 [main] DEBUG jabaTests.To_Verify_Login_page - taskDate got entered
18:22:11.569 [main] DEBUG jabaTests.To_Verify_Login_page - platform got selected
18:22:11.668 [main] DEBUG jabaTests.To_Verify_Login_page - task1 created
18:22:11.749 [main] DEBUG jabaTests.To_Verify_Login_page - AddTask clicked
18:22:11.885 [main] DEBUG jabaTests.To_Verify_Login_page - addNewTask got entered
18:22:12.003 [main] DEBUG jabaTests.To_Verify_Login_page - taskDate got entered
18:22:12.258 [main] DEBUG jabaTests.To_Verify_Login_page - platform got selected
18:22:12.531 [main] DEBUG jabaTests.To_Verify_Login_page - socialMedia got selected
18:22:12.736 [main] DEBUG jabaTests.To_Verify_Login_page - task1 created
18:22:12.820 [main] DEBUG jabaTests.To_Verify_Login_page - AddTask clicked
18:22:12.969 [main] DEBUG jabaTests.To_Verify_Login_page - addNewTask got entered
18:22:13.101 [main] DEBUG jabaTests.To_Verify_Login_page - taskDate got entered
18:22:13.359 [main] DEBUG jabaTests.To_Verify_Login_page - platform got selected
18:22:13.489 [main] DEBUG jabaTests.To_Verify_Login_page - task1 created
18:22:13.578 [main] DEBUG jabaTests.To_Verify_Login_page - AddTask clicked
18:22:13.732 [main] DEBUG jabaTests.To_Verify_Login_page - addNewTask got entered
18:22:13.845 [main] DEBUG jabaTests.To_Verify_Login_page - taskDate got entered
18:22:14.092 [main] DEBUG jabaTests.To_Verify_Login_page - platform got selected
18:22:14.334 [main] DEBUG jabaTests.To_Verify_Login_page - socialMedia got selected
18:22:14.553 [main] DEBUG jabaTests.To_Verify_Login_page - task1 created
18:22:14.758 [main] DEBUG jabaTests.To_Verify_Login_page - requirement got entered
18:22:14.828 [main] DEBUG jabaTests.To_Verify_Login_page - requirement created
18:22:14.985 [main] DEBUG jabaTests.To_Verify_Login_page - preview got clicked
18:22:19.358 [main] DEBUG jabaTests.To_Verify_Login_page - preview got clicked
18:22:21.522 [main] DEBUG jabaTests.To_Verify_Login_page - looksgood got clicked
18:22:27.007 [main] DEBUG jabaTests.To_Verify_Login_page - Campaign is created
18:22:30.158 [main] DEBUG jabaTests.To_Verify_Login_page - Add Athlete is Clicked
18:22:30.158 [main] DEBUG jabaTests.To_Verify_Login_page - error in the add at
18:22:30.161 [main] DEBUG jabaTests.To_Verify_Login_page - error in the add at
18:22:30.161 [main] DEBUG jabaTests.To_Verify_Login_page - error in the add at
18:22:30.161 [main] DEBUG jabaTests.To_Verify_Login_page - error in the add at
18:22:30.161 [main] DEBUG jabaTests.To_Verify_Login_page - error in the add at
18:22:30.161 [main] DEBUG jabaTests.To_Verify_Login_page - error in the add at
18:22:30.161 [main] DEBUG jabaTests.To_Verify_Login_page - error in the add at
18:22:30.161 [main] DEBUG jabaTests.To_Verify_Login_page - error in the add at
18:22:30.161 [main] DEBUG jabaTests.To_Verify_Login_page - error in the add at
18:22:30.161 [main] DEBUG jabaTests.To_Verify_Login_page - error in the add at
18:22:30.161 [main] DEBUG jabaTests.To_Verify_Login_page - error in the add at
18:22:30.161 [main] DEBUG jabaTests.To_Verify_Login_page - error in the add at
18:22:30.161 [main] DEBUG jabaTests.To_Verify_Login_page - error in the add at
18:22:30.161 [main] DEBUG jabaTests.To_Verify_Login_page - error in the add at
18:22:30.161 [main] DEBUG jabaTests.To_Verify_Login_page - error in the add at
18:22:30.161 [main] DEBUG jabaTests.To_Verify_Login_page - error in the add at
18:22:30.161 [main] DEBUG jabaTests.To_Verify_Login_page - error in the add at
18:22:30.161 [main] DEBUG jabaTests.To_Verify_Login_page - error in the add at
18:22:30.161 [main] DEBUG jabaTests.To_Verify_Login_page - error in the add at
18:22:30.161 [main] DEBUG jabaTests.To_Verify_Login_page - Task name got added
18:22:30.161 [main] DEBUG jabaTests.To_Verify_Login_page - error in the add at
18:22:30.161 [main] DEBUG jabaTests.To_Verify_Login_page - error in the add at
18:22:30.161 [main] DEBUG jabaTests.To_Verify_Login_page - Task name got added
18:22:30.161 [main] DEBUG jabaTests.To_Verify_Login_page - error in the add at
18:22:30.161 [main] DEBUG jabaTests.To_Verify_Login_page - error in the add at
18:22:30.161 [main] DEBUG jabaTests.To_Verify_Login_page - error in the add at
18:22:30.161 [main] DEBUG jabaTests.To_Verify_Login_page - error in the add at
18:22:30.161 [main] DEBUG jabaTests.To_Verify_Login_page - error in the add at
18:22:30.161 [main] DEBUG jabaTests.To_Verify_Login_page - error in the add at
18:22:30.161 [main] DEBUG jabaTests.To_Verify_Login_page - error in the add at
18:22:30.161 [main] DEBUG jabaTests.To_Verify_Login_page - error in the add at
